c:\users\jason.jtlie\documents\github\drone\kschluff\kschluff\debug\vc120.pdb
c:\users\jason.jtlie\documents\github\drone\kschluff\kschluff\debug\vc120.idb
c:\users\jason.jtlie\documents\github\drone\kschluff\kschluff\debug\condens.obj
c:\users\jason.jtlie\documents\github\drone\kschluff\kschluff\debug\hist.obj
c:\users\jason.jtlie\documents\github\drone\kschluff\kschluff\debug\lbp.obj
c:\users\jason.jtlie\documents\github\drone\kschluff\kschluff\debug\main.obj
c:\users\jason.jtlie\documents\github\drone\kschluff\kschluff\debug\selector.obj
c:\users\jason.jtlie\documents\github\drone\kschluff\kschluff\debug\filter.obj
d:\github\drone\kschluff\kschluff\debug\vc120.pdb
c:\users\jason.jtlie\documents\github\drone\kschluff\debug\kschluff.ilk
c:\users\jason.jtlie\documents\github\drone\kschluff\debug\kschluff.exe
c:\users\jason.jtlie\documents\github\drone\kschluff\debug\kschluff.pdb
d:\github\drone\kschluff\kschluff\debug\condens.obj
d:\github\drone\kschluff\kschluff\debug\filter.obj
d:\github\drone\kschluff\kschluff\debug\hist.obj
d:\github\drone\kschluff\kschluff\debug\lbp.obj
d:\github\drone\kschluff\kschluff\debug\main.obj
d:\github\drone\kschluff\kschluff\debug\selector.obj
d:\github\drone\kschluff\kschluff\debug\vc120.idb
d:\github\drone\kschluff\debug\kschluff.pdb
d:\github\drone\kschluff\debug\kschluff.exe
d:\github\drone\kschluff\debug\kschluff.ilk
d:\github\drone\kschluff\kschluff\debug\kschluff.tlog\cl.command.1.tlog
d:\github\drone\kschluff\kschluff\debug\kschluff.tlog\cl.read.1.tlog
d:\github\drone\kschluff\kschluff\debug\kschluff.tlog\cl.write.1.tlog
d:\github\drone\kschluff\kschluff\debug\kschluff.tlog\link.command.1.tlog
d:\github\drone\kschluff\kschluff\debug\kschluff.tlog\link.read.1.tlog
d:\github\drone\kschluff\kschluff\debug\kschluff.tlog\link.write.1.tlog
